  Using 'git status' to determine working set for adaptive non-unity build (C:\Users\Rayven Wang\Documents\GitHub\batt_collect).
  Creating makefile for batteryGameEditor (no existing makefile)
  Parsing headers for batteryGameEditor
    Running UnrealHeaderTool "C:\Users\Rayven Wang\Documents\GitHub\batt_collect\batteryGame\batteryGame.uproject" "C:\Users\Rayven Wang\Documents\GitHub\batt_collect\batteryGame\Intermediate\Build\Win64\batteryGameEditor\DebugGame\batteryGameEditor.uhtmanifest" -LogCmds="loginit warning, logexit warning, logdatabase error" -Unattended -WarningsAsErrors -abslog="C:\Users\Rayven Wang\AppData\Local\UnrealBuildTool\Log_UHT.txt" -installed
  Reflection code generated for batteryGameEditor in 3.2754176 seconds
  Building batteryGameEditor...
  Using Visual Studio 2019 14.29.30133 toolchain (C:\Program Files (x86)\Microsoft Visual Studio\2019\Community\VC\Tools\MSVC\14.29.30133) and Windows 10.0.19041.0 SDK (C:\Program Files (x86)\Windows Kits\10).
  Building 15 actions with 16 processes...
    [1/15] Default.rc2
    [2/15] SharedPCH.Engine.NonOptimized.ShadowErrors.cpp
    [3/15] batteryGame.cpp
    [4/15] batteryGame.init.gen.cpp
    [5/15] batteryGameGameMode.gen.cpp
    [6/15] BatteryMan_GameMode.cpp
    [7/15] batteryGameGameMode.cpp
    [8/15] batteryGameCharacter.gen.cpp
    [9/15] BatteryMan_GameMode.gen.cpp
    [10/15] batteryGameCharacter.cpp
    [11/15] BatteryMan.cpp
    [12/15] BatteryMan.gen.cpp
    [13/15] UE4Editor-batteryGame-Win64-DebugGame.lib
       Creating library C:\Users\Rayven Wang\Documents\GitHub\batt_collect\batteryGame\Intermediate\Build\Win64\UE4Editor\DebugGame\batteryGame\UE4Editor-batteryGame-Win64-DebugGame.lib and object C:\Users\Rayven Wang\Documents\GitHub\batt_collect\batteryGame\Intermediate\Build\Win64\UE4Editor\DebugGame\batteryGame\UE4Editor-batteryGame-Win64-DebugGame.exp
    [14/15] UE4Editor-batteryGame-Win64-DebugGame.dll
       Creating library C:\Users\Rayven Wang\Documents\GitHub\batt_collect\batteryGame\Intermediate\Build\Win64\UE4Editor\DebugGame\batteryGame\UE4Editor-batteryGame-Win64-DebugGame.suppressed.lib and object C:\Users\Rayven Wang\Documents\GitHub\batt_collect\batteryGame\Intermediate\Build\Win64\UE4Editor\DebugGame\batteryGame\UE4Editor-batteryGame-Win64-DebugGame.suppressed.exp
    [15/15] batteryGameEditor-Win64-DebugGame.target
  Total time in Parallel executor: 20.70 seconds
  Total execution time: 25.81 seconds
